[0/2] Re-checking globbed directories...
[1/32] Building CXX object src\domain\pipeline\CMakeFiles\domain_pipeline.dir\pipeline_adapters.ixx.obj
FAILED: src/domain/pipeline/CMakeFiles/domain_pipeline.dir/pipeline_adapters.ixx.obj src/domain/pipeline/CMakeFiles/domain_pipeline.dir/domain.pipeline-adapters.ifc 
C:\PROGRA~2\MIB055~1\2022\BUILDT~1\VC\Tools\MSVC\1444~1.352\bin\Hostx64\x64\cl.exe  /nologo /TP -DFMT_SHARED -DNOMINMAX -DSPDLOG_COMPILED_LIB -DSPDLOG_FMT_EXTERNAL -DSPDLOG_SHARED_LIB -DWIN32_LEAN_AND_MEAN -D_WIN32_WINNT=0x0A00 -external:ID:\0_WorkSpace\my_projects\faceFusionCpp\build\msvc-x64-debug\vcpkg_installed\x64-windows\include -external:ID:\0_WorkSpace\my_projects\faceFusionCpp\build\msvc-x64-debug\third_party\onnxruntime-win-x64-gpu-1.20.1\include -external:ID:\0_WorkSpace\my_projects\faceFusionCpp\build\msvc-x64-debug\vcpkg_installed\x64-windows\include\opencv4 -external:ID:\0_WorkSpace\my_projects\faceFusionCpp\build\msvc-x64-debug\vcpkg_installed\x64-windows\debug\..\include -external:W0 /DWIN32 /D_WINDOWS /EHsc /Ob0 /Od /RTC1 -std:c++20 -MDd -Zi /W4 /permissive- /utf-8 /EHsc /bigobj /wd5050 /wd4251 /wd4275 -DX264_API_IMPORTS /showIncludes @src\domain\pipeline\CMakeFiles\domain_pipeline.dir\pipeline_adapters.ixx.obj.modmap /Fosrc\domain\pipeline\CMakeFiles\domain_pipeline.dir\pipeline_adapters.ixx.obj /Fdsrc\domain\pipeline\CMakeFiles\domain_pipeline.dir\domain_pipeline.pdb /FS -c D:\0_WorkSpace\my_projects\faceFusionCpp\src\domain\pipeline\pipeline_adapters.ixx
pipeline_adapters.ixx
D:\0_WorkSpace\my_projects\faceFusionCpp\src\domain\pipeline\pipeline_adapters.ixx(130): error C2039: 'addWeighted': is not a member of 'cv'
D:\0_WorkSpace\my_projects\faceFusionCpp\build\msvc-x64-debug\vcpkg_installed\x64-windows\include\opencv4\opencv2\core\ovx.hpp(16): note: see declaration of 'cv'
D:\0_WorkSpace\my_projects\faceFusionCpp\src\domain\pipeline\pipeline_adapters.ixx(130): error C3861: 'addWeighted': identifier not found
[2/32] Building CXX object src\domain\face\CMakeFiles\domain_face.dir\enhancer\impl\gfp_gan.ixx.obj
FAILED: src/domain/face/CMakeFiles/domain_face.dir/enhancer/impl/gfp_gan.ixx.obj src/domain/face/CMakeFiles/domain_face.dir/domain.face.enhancer-gfp_gan.ifc 
C:\PROGRA~2\MIB055~1\2022\BUILDT~1\VC\Tools\MSVC\1444~1.352\bin\Hostx64\x64\cl.exe  /nologo /TP -DFMT_SHARED -DNOMINMAX -DSPDLOG_COMPILED_LIB -DSPDLOG_FMT_EXTERNAL -DSPDLOG_SHARED_LIB -DWIN32_LEAN_AND_MEAN -D_WIN32_WINNT=0x0A00 -external:ID:\0_WorkSpace\my_projects\faceFusionCpp\build\msvc-x64-debug\vcpkg_installed\x64-windows\include\opencv4 -external:ID:\0_WorkSpace\my_projects\faceFusionCpp\build\msvc-x64-debug\vcpkg_installed\x64-windows\include -external:ID:\0_WorkSpace\my_projects\faceFusionCpp\build\msvc-x64-debug\third_party\onnxruntime-win-x64-gpu-1.20.1\include -external:W0 /DWIN32 /D_WINDOWS /EHsc /Ob0 /Od /RTC1 -std:c++20 -MDd -Zi /W4 /permissive- /utf-8 /EHsc /bigobj /wd5050 /wd4251 /wd4275 /showIncludes @src\domain\face\CMakeFiles\domain_face.dir\enhancer\impl\gfp_gan.ixx.obj.modmap /Fosrc\domain\face\CMakeFiles\domain_face.dir\enhancer\impl\gfp_gan.ixx.obj /Fdsrc\domain\face\CMakeFiles\domain_face.dir\domain_face.pdb /FS -c D:\0_WorkSpace\my_projects\faceFusionCpp\src\domain\face\enhancer\impl\gfp_gan.ixx
gfp_gan.ixx
D:\0_WorkSpace\my_projects\faceFusionCpp\src\domain\face\enhancer\impl\gfp_gan.ixx(24): error C2555: 'domain::face::enhancer::GfpGan::enhance_face': overriding virtual function return type differs and is not covariant from 'domain::face::enhancer::IFaceEnhancer::enhance_face'
D:\0_WorkSpace\my_projects\faceFusionCpp\src\domain\face\enhancer\face_enhancer_api.ixx(39): note: see declaration of 'domain::face::enhancer::IFaceEnhancer::enhance_face'
[3/32] Building CXX object tests\unit\domain\face\swapper\CMakeFiles\domain_face_swapper_tests.dir\face_swapper_tests.cpp.obj
FAILED: tests/unit/domain/face/swapper/CMakeFiles/domain_face_swapper_tests.dir/face_swapper_tests.cpp.obj 
C:\PROGRA~2\MIB055~1\2022\BUILDT~1\VC\Tools\MSVC\1444~1.352\bin\Hostx64\x64\cl.exe  /nologo /TP -DFMT_SHARED -DGTEST_LINKED_AS_SHARED_LIBRARY=1 -DSPDLOG_COMPILED_LIB -DSPDLOG_FMT_EXTERNAL -DSPDLOG_SHARED_LIB -external:ID:\0_WorkSpace\my_projects\faceFusionCpp\build\msvc-x64-debug\vcpkg_installed\x64-windows\include -external:ID:\0_WorkSpace\my_projects\faceFusionCpp\build\msvc-x64-debug\third_party\onnxruntime-win-x64-gpu-1.20.1\include -external:ID:\0_WorkSpace\my_projects\faceFusionCpp\build\msvc-x64-debug\vcpkg_installed\x64-windows\include\opencv4 -external:ID:\0_WorkSpace\my_projects\faceFusionCpp\build\msvc-x64-debug\vcpkg_installed\x64-windows\debug\..\include -external:W0 /DWIN32 /D_WINDOWS /EHsc /Ob0 /Od /RTC1 -std:c++20 -MDd -Zi /wd4251 /wd4275 /utf-8 -DX264_API_IMPORTS /showIncludes @tests\unit\domain\face\swapper\CMakeFiles\domain_face_swapper_tests.dir\face_swapper_tests.cpp.obj.modmap /Fotests\unit\domain\face\swapper\CMakeFiles\domain_face_swapper_tests.dir\face_swapper_tests.cpp.obj /Fdtests\unit\domain\face\swapper\CMakeFiles\domain_face_swapper_tests.dir\ /FS -c D:\0_WorkSpace\my_projects\faceFusionCpp\tests\unit\domain\face\swapper\face_swapper_tests.cpp
D:\0_WorkSpace\my_projects\faceFusionCpp\tests\unit\domain\face\swapper\face_swapper_tests.cpp(70): error C2653: 'MaskType': is not a class or namespace name
D:\0_WorkSpace\my_projects\faceFusionCpp\tests\unit\domain\face\swapper\face_swapper_tests.cpp(70): error C2065: 'Box': undeclared identifier
D:\0_WorkSpace\my_projects\faceFusionCpp\tests\unit\domain\face\swapper\face_swapper_tests.cpp(72): error C2440: 'initializing': cannot convert from 'std::vector<domain::face::types::FaceProcessResult,std::allocator<domain::face::types::FaceProcessResult>>' to 'cv::Mat'
D:\0_WorkSpace\my_projects\faceFusionCpp\tests\unit\domain\face\swapper\face_swapper_tests.cpp(72): note: No user-defined-conversion operator available that can perform this conversion, or the operator cannot be called
[4/32] Building CXX object tests\unit\domain\face\enhancer\CMakeFiles\domain_face_enhancer_tests.dir\face_enhancer_tests.cpp.obj
FAILED: tests/unit/domain/face/enhancer/CMakeFiles/domain_face_enhancer_tests.dir/face_enhancer_tests.cpp.obj 
C:\PROGRA~2\MIB055~1\2022\BUILDT~1\VC\Tools\MSVC\1444~1.352\bin\Hostx64\x64\cl.exe  /nologo /TP -DFMT_SHARED -DGTEST_LINKED_AS_SHARED_LIBRARY=1 -DSPDLOG_COMPILED_LIB -DSPDLOG_FMT_EXTERNAL -DSPDLOG_SHARED_LIB -external:ID:\0_WorkSpace\my_projects\faceFusionCpp\build\msvc-x64-debug\vcpkg_installed\x64-windows\include -external:ID:\0_WorkSpace\my_projects\faceFusionCpp\build\msvc-x64-debug\vcpkg_installed\x64-windows\include\opencv4 -external:ID:\0_WorkSpace\my_projects\faceFusionCpp\build\msvc-x64-debug\third_party\onnxruntime-win-x64-gpu-1.20.1\include -external:ID:\0_WorkSpace\my_projects\faceFusionCpp\build\msvc-x64-debug\vcpkg_installed\x64-windows\debug\..\include -external:W0 /DWIN32 /D_WINDOWS /EHsc /Ob0 /Od /RTC1 -std:c++20 -MDd -Zi /wd4251 /wd4275 /utf-8 -DX264_API_IMPORTS /showIncludes @tests\unit\domain\face\enhancer\CMakeFiles\domain_face_enhancer_tests.dir\face_enhancer_tests.cpp.obj.modmap /Fotests\unit\domain\face\enhancer\CMakeFiles\domain_face_enhancer_tests.dir\face_enhancer_tests.cpp.obj /Fdtests\unit\domain\face\enhancer\CMakeFiles\domain_face_enhancer_tests.dir\ /FS -c D:\0_WorkSpace\my_projects\faceFusionCpp\tests\unit\domain\face\enhancer\face_enhancer_tests.cpp
D:\0_WorkSpace\my_projects\faceFusionCpp\tests\unit\domain\face\enhancer\face_enhancer_tests.cpp(56): error C2440: 'initializing': cannot convert from 'std::vector<domain::face::types::FaceProcessResult,std::allocator<domain::face::types::FaceProcessResult>>' to 'cv::Mat'
D:\0_WorkSpace\my_projects\faceFusionCpp\tests\unit\domain\face\enhancer\face_enhancer_tests.cpp(56): note: No user-defined-conversion operator available that can perform this conversion, or the operator cannot be called
D:\0_WorkSpace\my_projects\faceFusionCpp\tests\unit\domain\face\enhancer\face_enhancer_tests.cpp(94): error C2440: 'initializing': cannot convert from 'std::vector<domain::face::types::FaceProcessResult,std::allocator<domain::face::types::FaceProcessResult>>' to 'cv::Mat'
D:\0_WorkSpace\my_projects\faceFusionCpp\tests\unit\domain\face\enhancer\face_enhancer_tests.cpp(94): note: No user-defined-conversion operator available that can perform this conversion, or the operator cannot be called
[5/32] Building CXX object src\domain\face\CMakeFiles\domain_face.dir\enhancer\impl\code_former.cpp.obj
ninja: build stopped: subcommand failed.
[96mDetecting MSVC environment...[0m
[96mConfiguration: Debug[0m
[96mPreset: msvc-x64-debug[0m
[96m
=== Action: build ===[0m
[96mExecuting: cmake --build --preset msvc-x64-debug[0m
[91mCommand failed with exit code 1[0m
